<?xml version="1.0" encoding="utf-8"?><testsuites><testsuite name="pytest" errors="0" failures="0" skipped="0" tests="8" time="0.118" timestamp="2022-05-02T22:45:07.581463" hostname="allenpc"><testcase classname="testing" name="test_make_doctor" time="0.001" /><testcase classname="testing" name="test_register_doctor" time="0.025" /><testcase classname="testing" name="test_get_doctor" time="0.001" /><testcase classname="testing" name="test_make_patient" time="0.000" /><testcase classname="testing" name="test_register_patient" time="0.001" /><testcase classname="testing" name="test_get_patient" time="0.001" /><testcase classname="testing" name="test_potential_appointments" time="0.001" /><testcase classname="testing" name="test_get_patient_appointments" time="0.001" /></testsuite></testsuites>